Unity Editor version:    2020.3.17f1 (a4537701e4ab)
Branch:                  2020.3/staging
Build type:              Release
Batch mode:              YES
macOS version:           Version 11.4 (Build 20F71)
Darwin version:          20.5.0
Architecture:            x86_64
Running under Rosetta:   NO
Available memory:        8192 MB
Using pre-set license
Pro License: NO

COMMAND LINE ARGUMENTS:
/Applications/Unity/Hub/Editor/2020.3.17f1/Unity.app/Contents/MacOS/Unity
-adb2
-batchMode
-noUpm
-name
AssetImportWorker0
-projectPath
/Users/eva/Desktop/Project1_Island/Project1
-logFile
Logs/AssetImportWorker0.log
-srvPort
52812
Successfully changed project path to: /Users/eva/Desktop/Project1_Island/Project1
/Users/eva/Desktop/Project1_Island/Project1
Using Asset Import Pipeline V2.
Refreshing native plugins compatible for Editor in 95.48 ms, found 3 plugins.
Preloading 1 native plugins for Editor in 19.26 ms.
Initialize engine version: 2020.3.17f1 (a4537701e4ab)
[Subsystems] Discovering subsystems at path /Applications/Unity/Hub/Editor/2020.3.17f1/Unity.app/Contents/Resources/UnitySubsystems
[Subsystems] Discovering subsystems at path /Users/eva/Desktop/Project1_Island/Project1/Assets
GfxDevice: creating device client; threaded=0
2021-09-27 16:33:26.051 Unity[6603:221693] Color LCD preferred device: Intel(R) Iris(TM) Plus Graphics 640 (low power)
2021-09-27 16:33:26.051 Unity[6603:221693] Metal devices available: 1
2021-09-27 16:33:26.051 Unity[6603:221693] 0: Intel(R) Iris(TM) Plus Graphics 640 (low power)
2021-09-27 16:33:26.051 Unity[6603:221693] Using device Intel(R) Iris(TM) Plus Graphics 640 (low power)
Initializing Metal device caps: Intel(R) Iris(TM) Plus Graphics 640
Initialize mono
Mono path[0] = '/Applications/Unity/Hub/Editor/2020.3.17f1/Unity.app/Contents/Managed'
Mono path[1] = '/Applications/Unity/Hub/Editor/2020.3.17f1/Unity.app/Contents/MonoBleedingEdge/lib/mono/unityjit'
Mono config path = '/Applications/Unity/Hub/Editor/2020.3.17f1/Unity.app/Contents/MonoBleedingEdge/etc'
Using monoOptions --debugger-agent=transport=dt_socket,embedding=1,server=y,suspend=n,address=127.0.0.1:56603
Begin MonoManager ReloadAssembly
Registering precompiled unity dll's ...
Register platform support module: /Applications/Unity/Hub/Editor/2020.3.17f1/Unity.app/Contents/PlaybackEngines/MacStandaloneSupport/UnityEditor.OSXStandalone.Extensions.dll
Registered in 0.003856 seconds.
Native extension for OSXStandalone target not found
Refreshing native plugins compatible for Editor in 70.42 ms, found 3 plugins.
Preloading 1 native plugins for Editor in 0.60 ms.
Mono: successfully reloaded assembly
- Completed reload, in  3.787 seconds
Domain Reload Profiling:
	ReloadAssembly (3787ms)
		BeginReloadAssembly (55ms)
			ExecutionOrderSort (0ms)
			DisableScriptedObjects (0ms)
			BackupInstance (0ms)
			ReleaseScriptingObjects (0ms)
			CreateAndSetChildDomain (1ms)
		EndReloadAssembly (606ms)
			LoadAssemblies (65ms)
			RebuildTransferFunctionScriptingTraits (0ms)
			SetupTypeCache (224ms)
			ReleaseScriptCaches (0ms)
			RebuildScriptCaches (47ms)
			SetupLoadedEditorAssemblies (258ms)
				LogAssemblyErrors (0ms)
				InitializePlatformSupportModulesInManaged (4ms)
				SetLoadedEditorAssemblies (0ms)
				RefreshPlugins (71ms)
				BeforeProcessingInitializeOnLoad (34ms)
				ProcessInitializeOnLoadAttributes (112ms)
				ProcessInitializeOnLoadMethodAttributes (37ms)
				AfterProcessingInitializeOnLoad (0ms)
				EditorAssembliesLoaded (0ms)
			ExecutionOrderSort2 (0ms)
			AwakeInstancesAfterBackupRestoration (0ms)
Platform modules already initialized, skipping
Registering precompiled user dll's ...
Registered in 0.009327 seconds.
Begin MonoManager ReloadAssembly
Native extension for OSXStandalone target not found
Refreshing native plugins compatible for Editor in 75.13 ms, found 3 plugins.
Preloading 1 native plugins for Editor in 0.51 ms.
Mono: successfully reloaded assembly
- Completed reload, in  2.111 seconds
Domain Reload Profiling:
	ReloadAssembly (2114ms)
		BeginReloadAssembly (201ms)
			ExecutionOrderSort (0ms)
			DisableScriptedObjects (6ms)
			BackupInstance (0ms)
			ReleaseScriptingObjects (0ms)
			CreateAndSetChildDomain (41ms)
		EndReloadAssembly (1832ms)
			LoadAssemblies (415ms)
			RebuildTransferFunctionScriptingTraits (0ms)
			SetupTypeCache (510ms)
			ReleaseScriptCaches (1ms)
			RebuildScriptCaches (82ms)
			SetupLoadedEditorAssemblies (647ms)
				LogAssemblyErrors (0ms)
				InitializePlatformSupportModulesInManaged (7ms)
				SetLoadedEditorAssemblies (0ms)
				RefreshPlugins (76ms)
				BeforeProcessingInitializeOnLoad (121ms)
				ProcessInitializeOnLoadAttributes (433ms)
				ProcessInitializeOnLoadMethodAttributes (8ms)
				AfterProcessingInitializeOnLoad (2ms)
				EditorAssembliesLoaded (0ms)
			ExecutionOrderSort2 (0ms)
			AwakeInstancesAfterBackupRestoration (9ms)
Platform modules already initialized, skipping
Validating Project structure ... 0.011482 seconds.
Shader import version has changed; will reimport all shaders...
Upgrading shader files ...0.029190 seconds.
Application.AssetDatabase Initial Script Refresh Start
RefreshInfo: InitialScriptRefreshV2(NoUpdateAssetOptions) scanfilter:  ... 1 filters
RefreshProfiler: Total: 0.000ms
Application.AssetDatabase Initial Script Refresh End
Application.AssetDatabase.Refresh Start
Application.AssetDatabase.Refresh End
RefreshInfo: StopAssetImportingV2(ForceSynchronousImport) scanfilter: 
RefreshProfiler: Total: 0.000ms
Launching external process: /Applications/Unity/Hub/Editor/2020.3.17f1/Unity.app/Contents/Tools/UnityShaderCompiler
Launched and connected shader compiler UnityShaderCompiler after 0.03 seconds
Initializing Unity extensions:
========================================================================
Worker process is ready to serve import requests
Refreshing native plugins compatible for Editor in 0.75 ms, found 3 plugins.
Preloading 1 native plugins for Editor in 0.52 ms.
Unloading 3347 Unused Serialized files (Serialized files now loaded: 0)
System memory in use before: 282.4 MB.
System memory in use after: 281.8 MB.

Unloading 147 unused Assets to reduce memory usage. Loaded Objects now: 3843.
Total: 4.821515 ms (FindLiveObjects: 0.409251 ms CreateObjectMapping: 0.206392 ms MarkObjects: 3.554651 ms  DeleteObjects: 0.650116 ms)

AssetImportParameters requested are different than current active one (requested -> active):
  custom:video-decoder-ogg-theora: a1e56fd34408186e4bbccfd4996cb3dc -> 
  custom:container-muxer-webm: aa71ff27fc2769a1b78a27578f13a17b -> 
  custom:container-demuxer-webm: 4f35f7cbe854078d1ac9338744f61a02 -> 
  custom:container-demuxer-ogg: 62fdf1f143b41e24485cea50d1cbac27 -> 
  custom:video-encoder-webm-vp8: eb34c28f22e8b96e1ab97ce403110664 -> 
  custom:framework-osx-AVFoundation: e770b220cccbd017edd2c1fefb359320 -> 
  custom:video-decoder-webm-vp8: 9c59270c3fd7afecdb556c50c9e8de78 -> 
  custom:audio-decoder-ogg-vorbis: bf7c407c2cedff20999df2af8eb42d56 -> 
  custom:audio-encoder-webm-vorbis: bf7c407c2cedff20999df2af8eb42d56 -> 
========================================================================
Received Import Request.
  path: Assets/Log Cabin/Woods/torch/WallTorch/Torch.fbx
  artifactKey: Guid(53eb95fbfd2e144df9a9bd30f2fa275f) Importer(815301076,1909f56bfc062723c751e8b465ee728b)
Start importing Assets/Log Cabin/Woods/torch/WallTorch/Torch.fbx using Guid(53eb95fbfd2e144df9a9bd30f2fa275f) Importer(815301076,1909f56bfc062723c751e8b465ee728b) WARNING: RGBA Compressed ASTC6X6 UNorm format is not supported, decompressing texture
WARNING: RGBA Compressed ASTC6X6 UNorm format is not supported, decompressing texture
WARNING: RGBA Compressed ASTC6X6 UNorm format is not supported, decompressing texture
WARNING: RGBA Compressed ASTC6X6 UNorm format is not supported, decompressing texture
WARNING: RGBA Compressed ASTC6X6 UNorm format is not supported, decompressing texture
 -> (artifact id: 'b21a70a3506f657d482e4d28a5bea9ef') in 2.285711 seconds 
  Import took 2.312223 seconds .

========================================================================
Received Import Request.
  Time since last request: 140.052527 seconds.
  path: Assets/Island_ base/footprint.mat
  artifactKey: Guid(9f0ba46d5a59e496fb9d09fe73cae17d) Importer(815301076,1909f56bfc062723c751e8b465ee728b)
Start importing Assets/Island_ base/footprint.mat using Guid(9f0ba46d5a59e496fb9d09fe73cae17d) Importer(815301076,1909f56bfc062723c751e8b465ee728b)  -> (artifact id: '9e1185ba3766067231034fce26fc71c7') in 0.667490 seconds 
  Import took 0.840086 seconds .

========================================================================
Received Import Request.
  Time since last request: 0.003273 seconds.
  path: Assets/Island_ base/PolybrushMesh20046.asset
  artifactKey: Guid(b361d1a33f9ce4ba3b9ffc248c2710d2) Importer(815301076,1909f56bfc062723c751e8b465ee728b)
Start importing Assets/Island_ base/PolybrushMesh20046.asset using Guid(b361d1a33f9ce4ba3b9ffc248c2710d2) Importer(815301076,1909f56bfc062723c751e8b465ee728b)  -> (artifact id: '241ea21cdeeaf07c868957dceda7420e') in 0.352560 seconds 
  Import took 0.371248 seconds .

========================================================================
Received Import Request.
  Time since last request: 0.003860 seconds.
  path: Assets/Island_ base/leaf.jpg
  artifactKey: Guid(0d5f20350ab664b98be7da220bc2008e) Importer(815301076,1909f56bfc062723c751e8b465ee728b)
Start importing Assets/Island_ base/leaf.jpg using Guid(0d5f20350ab664b98be7da220bc2008e) Importer(815301076,1909f56bfc062723c751e8b465ee728b) WARNING: RGBA Compressed ASTC6X6 UNorm format is not supported, decompressing texture
 -> (artifact id: 'add386f4886ae797421d1fca3e187db6') in 1.527887 seconds 
  Import took 1.540331 seconds .

========================================================================
Received Import Request.
  Time since last request: 0.004293 seconds.
  path: Assets/Island_ base/Test.jpg
  artifactKey: Guid(0673df57eb6134eaab36460a4622611b) Importer(815301076,1909f56bfc062723c751e8b465ee728b)
Start importing Assets/Island_ base/Test.jpg using Guid(0673df57eb6134eaab36460a4622611b) Importer(815301076,1909f56bfc062723c751e8b465ee728b) WARNING: RGBA Compressed ASTC6X6 UNorm format is not supported, decompressing texture
 -> (artifact id: 'ffb73ae39066766272c5dc7f9ecb5fc4') in 0.156724 seconds 
  Import took 0.166264 seconds .

========================================================================
Received Import Request.
  Time since last request: 0.001033 seconds.
  path: Assets/Island_ base/water top.jpg
  artifactKey: Guid(42f3e833032b541ceb82220204182dd1) Importer(815301076,1909f56bfc062723c751e8b465ee728b)
Start importing Assets/Island_ base/water top.jpg using Guid(42f3e833032b541ceb82220204182dd1) Importer(815301076,1909f56bfc062723c751e8b465ee728b) WARNING: RGBA Compressed ASTC6X6 UNorm format is not supported, decompressing texture
 -> (artifact id: '6909b8078d5da110916bec5add5d0632') in 0.027283 seconds 
  Import took 0.036113 seconds .

========================================================================
Received Import Request.
  Time since last request: 0.000311 seconds.
  path: Assets/Island_ base/waterbottom.jpg
  artifactKey: Guid(a16dd1177630d4d2cb64ff152a96776d) Importer(815301076,1909f56bfc062723c751e8b465ee728b)
Start importing Assets/Island_ base/waterbottom.jpg using Guid(a16dd1177630d4d2cb64ff152a96776d) Importer(815301076,1909f56bfc062723c751e8b465ee728b) WARNING: RGBA Compressed ASTC6X6 UNorm format is not supported, decompressing texture
 -> (artifact id: 'b9fc6f9c289e67d53c9b5f5e1f2b82a4') in 0.103899 seconds 
  Import took 0.116854 seconds .

========================================================================
Received Import Request.
  Time since last request: 0.000360 seconds.
  path: Assets/Island_ base/palm.jpg
  artifactKey: Guid(be21d72425faf43dca3dc6121bd35e5d) Importer(815301076,1909f56bfc062723c751e8b465ee728b)
Start importing Assets/Island_ base/palm.jpg using Guid(be21d72425faf43dca3dc6121bd35e5d) Importer(815301076,1909f56bfc062723c751e8b465ee728b) WARNING: RGBA Compressed ASTC6X6 UNorm format is not supported, decompressing texture
 -> (artifact id: 'ac17987010c832835a118e38c16e8c38') in 0.017149 seconds 
  Import took 0.029011 seconds .

========================================================================
Received Import Request.
  Time since last request: 0.037014 seconds.
  path: Assets/Island_ base/waterbottom.jpg
  artifactKey: Guid(a16dd1177630d4d2cb64ff152a96776d) Importer(815301076,1909f56bfc062723c751e8b465ee728b)
Start importing Assets/Island_ base/waterbottom.jpg using Guid(a16dd1177630d4d2cb64ff152a96776d) Importer(815301076,1909f56bfc062723c751e8b465ee728b) WARNING: RGBA Compressed ASTC6X6 UNorm format is not supported, decompressing texture
 -> (artifact id: 'b9fc6f9c289e67d53c9b5f5e1f2b82a4') in 0.090477 seconds 
  Import took 0.101902 seconds .

